Build started 19.09.2018 13:37:00.
     1>Project "C:\Lexa\mp2-lab1-set\sln\vc13\src\set.vcxproj" on node 3 (Build target(s)).
     1>CustomBuild:
         Building Custom Rule C:/Lexa/mp2-lab1-set/src/CMakeLists.txt
         CMake does not need to re-run because C:\Lexa\mp2-lab1-set\sln\vc13\src\CMakeFiles\generate.stamp is up-to-date.
       ClCompile:
         C:\Program Files (x86)\Microsoft Visual Studio 12.0\VC\bin\CL.exe /c /I"C:\Lexa\mp2-lab1-set\include" /I"C:\Lexa\mp2-lab1-set\gtest" /Zi /nologo /W3 /WX- /Od /Ob0 /Oy- /D WIN32 /D _WINDOWS /D _DEBUG /D "CMAKE_INTDIR=\"Debug\"" /D _MBCS /Gm- /EHsc /RTC1 /MDd /GS /fp:precise /Zc:wchar_t /Zc:forScope /GR /Fo"set.dir\Debug\\" /Fd"set.dir\Debug\vc120.pdb" /Gd /TP /analyze- /errorReport:prompt "C:\Lexa\mp2-lab1-set\src\tbitfield.cpp" "C:\Lexa\mp2-lab1-set\src\tset.cpp"
         tbitfield.cpp
         tset.cpp
         Generating Code...
     1>c:\lexa\mp2-lab1-set\src\tset.cpp(58): error C4716: 'TSet::operator!=' : must return a value
     1>c:\lexa\mp2-lab1-set\src\tset.cpp(62): error C4716: 'TSet::operator+' : must return a value
     1>c:\lexa\mp2-lab1-set\src\tset.cpp(66): error C4716: 'TSet::operator+' : must return a value
     1>c:\lexa\mp2-lab1-set\src\tset.cpp(70): error C4716: 'TSet::operator-' : must return a value
     1>c:\lexa\mp2-lab1-set\src\tset.cpp(74): error C4716: 'TSet::operator*' : must return a value
     1>c:\lexa\mp2-lab1-set\src\tset.cpp(78): error C4716: 'TSet::operator~' : must return a value
     1>c:\lexa\mp2-lab1-set\src\tset.cpp(84): error C4716: 'operator>>' : must return a value
     1>c:\lexa\mp2-lab1-set\src\tset.cpp(88): error C4716: 'operator<<' : must return a value
     1>c:\lexa\mp2-lab1-set\src\tset.cpp(26): error C4716: 'TSet::operator TBitField' : must return a value
     1>c:\lexa\mp2-lab1-set\src\tset.cpp(30): error C4716: 'TSet::GetMaxPower' : must return a value
     1>c:\lexa\mp2-lab1-set\src\tset.cpp(49): error C4716: 'TSet::operator=' : must return a value
     1>c:\lexa\mp2-lab1-set\src\tbitfield.cpp(24): error C4716: 'TBitField::GetMemIndex' : must return a value
     1>c:\lexa\mp2-lab1-set\src\tbitfield.cpp(28): error C4716: 'TBitField::GetMemMask' : must return a value
     1>c:\lexa\mp2-lab1-set\src\tbitfield.cpp(54): error C4716: 'TBitField::operator=' : must return a value
     1>c:\lexa\mp2-lab1-set\src\tbitfield.cpp(68): error C4716: 'TBitField::operator|' : must return a value
     1>c:\lexa\mp2-lab1-set\src\tbitfield.cpp(72): error C4716: 'TBitField::operator&' : must return a value
     1>c:\lexa\mp2-lab1-set\src\tbitfield.cpp(76): error C4716: 'TBitField::operator~' : must return a value
     1>c:\lexa\mp2-lab1-set\src\tbitfield.cpp(82): error C4716: 'operator>>' : must return a value
     1>c:\lexa\mp2-lab1-set\src\tbitfield.cpp(86): error C4716: 'operator<<' : must return a value
     1>Done Building Project "C:\Lexa\mp2-lab1-set\sln\vc13\src\set.vcxproj" (Build target(s)) -- FAILED.

Build FAILED.

Time Elapsed 00:00:03.64
